{"exception":{"message":"Bad Request Exception","name":"BadRequestException","options":{},"response":{"error":"Bad Request","message":["pharmacyId must be a string","email must be an email","password must be longer than or equal to 8 characters","password must be a string","role must be one of the following values: ADMIN, PHARMACIST, ASSISTANT"],"statusCode":400},"status":400},"level":"error","message":"Unhandled exception","status":400,"timestamp":"2026-03-31T09:46:23.489Z"}
{"exception":{"message":"Bad Request Exception","name":"BadRequestException","options":{},"response":{"error":"Bad Request","message":["pharmacyId must be a string","email must be an email","password must be longer than or equal to 8 characters","password must be a string","role must be one of the following values: ADMIN, PHARMACIST, ASSISTANT"],"statusCode":400},"status":400},"level":"error","message":"Unhandled exception","status":400,"timestamp":"2026-03-31T09:46:37.548Z"}
{"exception":{"message":"Bad Request Exception","name":"BadRequestException","options":{},"response":{"error":"Bad Request","message":["pharmacyId must be a string","email must be an email","password must be longer than or equal to 8 characters","password must be a string","role must be one of the following values: ADMIN, PHARMACIST, ASSISTANT"],"statusCode":400},"status":400},"level":"error","message":"Unhandled exception","status":400,"timestamp":"2026-03-31T09:51:28.243Z"}
{"exception":{"clientVersion":"5.22.0","code":"P2003","meta":{"field_name":"AuditLog_pharmacyId_fkey (index)","modelName":"AuditLog"},"name":"PrismaClientKnownRequestError"},"level":"error","message":"Unhandled exception","status":500,"timestamp":"2026-03-31T09:57:04.675Z"}
{"exception":{"message":"Admin email already exists","name":"BadRequestException","options":{},"response":{"error":"Bad Request","message":"Admin email already exists","statusCode":400},"status":400},"level":"error","message":"Unhandled exception","status":400,"timestamp":"2026-03-31T11:31:45.193Z"}
{"exception":{"message":"Email not verified","name":"ForbiddenException","options":{},"response":{"error":"Forbidden","message":"Email not verified","statusCode":403},"status":403},"level":"error","message":"Unhandled exception","status":403,"timestamp":"2026-03-31T11:32:14.709Z"}
{"exception":{"message":"Bad Request Exception","name":"BadRequestException","options":{},"response":{"error":"Bad Request","message":["password must be longer than or equal to 8 characters"],"statusCode":400},"status":400},"level":"error","message":"Unhandled exception","status":400,"timestamp":"2026-03-31T11:32:54.058Z"}
{"exception":{"message":"Verification token not found","name":"BadRequestException","options":{},"response":{"error":"Bad Request","message":"Verification token not found","statusCode":400},"status":400},"level":"error","message":"Unhandled exception","status":400,"timestamp":"2026-03-31T11:34:07.167Z"}
{"exception":{"message":"Invalid credentials","name":"UnauthorizedException","options":{},"response":{"error":"Unauthorized","message":"Invalid credentials","statusCode":401},"status":401},"level":"error","message":"Unhandled exception","status":401,"timestamp":"2026-03-31T11:34:35.189Z"}
{"exception":{"message":"Email not verified","name":"ForbiddenException","options":{},"response":{"error":"Forbidden","message":"Email not verified","statusCode":403},"status":403},"level":"error","message":"Unhandled exception","status":403,"timestamp":"2026-03-31T11:35:34.026Z"}
{"exception":{},"level":"error","message":"Unhandled exception","status":500,"timestamp":"2026-03-31T11:43:20.359Z"}
{"exception":{},"level":"error","message":"Unhandled exception","status":500,"timestamp":"2026-03-31T11:43:22.064Z"}
{"exception":{"message":"Email not verified","name":"ForbiddenException","options":{},"response":{"error":"Forbidden","message":"Email not verified","statusCode":403},"status":403},"level":"error","message":"Unhandled exception","status":403,"timestamp":"2026-03-31T11:46:49.282Z"}
{"exception":{"message":"Email not verified","name":"ForbiddenException","options":{},"response":{"error":"Forbidden","message":"Email not verified","statusCode":403},"status":403},"level":"error","message":"Unhandled exception","status":403,"timestamp":"2026-03-31T11:55:14.995Z"}
{"exception":{"message":"Invalid credentials","name":"UnauthorizedException","options":{},"response":{"error":"Unauthorized","message":"Invalid credentials","statusCode":401},"status":401},"level":"error","message":"Unhandled exception","status":401,"timestamp":"2026-03-31T19:36:08.195Z"}
{"exception":{"message":"Invalid credentials","name":"UnauthorizedException","options":{},"response":{"error":"Unauthorized","message":"Invalid credentials","statusCode":401},"status":401},"level":"error","message":"Unhandled exception","status":401,"timestamp":"2026-03-31T19:36:18.116Z"}
{"exception":{"message":"Invalid credentials","name":"UnauthorizedException","options":{},"response":{"error":"Unauthorized","message":"Invalid credentials","statusCode":401},"status":401},"level":"error","message":"Unhandled exception","status":401,"timestamp":"2026-03-31T19:37:07.955Z"}
{"exception":{"message":"Invalid credentials","name":"UnauthorizedException","options":{},"response":{"error":"Unauthorized","message":"Invalid credentials","statusCode":401},"status":401},"level":"error","message":"Unhandled exception","status":401,"timestamp":"2026-03-31T19:39:29.058Z"}
{"exception":{"message":"Cannot POST /webhook","name":"NotFoundException","options":{},"response":{"error":"Not Found","message":"Cannot POST /webhook","statusCode":404},"status":404},"level":"error","message":"Unhandled exception","status":404,"timestamp":"2026-03-31T19:44:12.038Z"}
{"exception":{"message":"Cannot POST /webhook","name":"NotFoundException","options":{},"response":{"error":"Not Found","message":"Cannot POST /webhook","statusCode":404},"status":404},"level":"error","message":"Unhandled exception","status":404,"timestamp":"2026-03-31T19:44:13.147Z"}
{"exception":{"message":"Cannot POST /webhook","name":"NotFoundException","options":{},"response":{"error":"Not Found","message":"Cannot POST /webhook","statusCode":404},"status":404},"level":"error","message":"Unhandled exception","status":404,"timestamp":"2026-03-31T19:44:14.308Z"}
{"exception":{"message":"Cannot POST /webhook","name":"NotFoundException","options":{},"response":{"error":"Not Found","message":"Cannot POST /webhook","statusCode":404},"status":404},"level":"error","message":"Unhandled exception","status":404,"timestamp":"2026-03-31T19:44:30.686Z"}
{"exception":{"message":"Cannot POST /webhook","name":"NotFoundException","options":{},"response":{"error":"Not Found","message":"Cannot POST /webhook","statusCode":404},"status":404},"level":"error","message":"Unhandled exception","status":404,"timestamp":"2026-03-31T19:44:48.187Z"}
{"exception":{},"level":"error","message":"Unhandled exception","status":500,"timestamp":"2026-03-31T19:46:33.119Z"}
{"exception":{},"level":"error","message":"Unhandled exception","status":500,"timestamp":"2026-03-31T19:50:57.844Z"}
{"exception":{},"level":"error","message":"Unhandled exception","status":500,"timestamp":"2026-03-31T19:51:02.324Z"}
{"exception":{"message":"Cannot POST /webhook","name":"NotFoundException","options":{},"response":{"error":"Not Found","message":"Cannot POST /webhook","statusCode":404},"status":404},"level":"error","message":"Unhandled exception","status":404,"timestamp":"2026-03-31T20:05:23.817Z"}
{"exception":{"message":"Unauthorized","name":"UnauthorizedException","options":{},"response":{"message":"Unauthorized","statusCode":401},"status":401},"level":"error","message":"Unhandled exception","status":401,"timestamp":"2026-03-31T20:05:51.908Z"}
{"exception":{"message":"Cannot GET /api/prescriptions","name":"NotFoundException","options":{},"response":{"error":"Not Found","message":"Cannot GET /api/prescriptions","statusCode":404},"status":404},"level":"error","message":"Unhandled exception","status":404,"timestamp":"2026-03-31T20:05:51.958Z"}
{"exception":{"message":"Cannot GET /api/transactions","name":"NotFoundException","options":{},"response":{"error":"Not Found","message":"Cannot GET /api/transactions","statusCode":404},"status":404},"level":"error","message":"Unhandled exception","status":404,"timestamp":"2026-03-31T20:05:51.980Z"}
{"exception":{"message":"Cannot GET /api/analytics","name":"NotFoundException","options":{},"response":{"error":"Not Found","message":"Cannot GET /api/analytics","statusCode":404},"status":404},"level":"error","message":"Unhandled exception","status":404,"timestamp":"2026-03-31T20:05:52.001Z"}
{"exception":{"message":"Unauthorized","name":"UnauthorizedException","options":{},"response":{"message":"Unauthorized","statusCode":401},"status":401},"level":"error","message":"Unhandled exception","status":401,"timestamp":"2026-03-31T20:06:23.563Z"}
{"exception":{"message":"Cannot GET /api/prescriptions","name":"NotFoundException","options":{},"response":{"error":"Not Found","message":"Cannot GET /api/prescriptions","statusCode":404},"status":404},"level":"error","message":"Unhandled exception","status":404,"timestamp":"2026-03-31T20:06:23.592Z"}
{"exception":{"message":"Cannot GET /api/transactions","name":"NotFoundException","options":{},"response":{"error":"Not Found","message":"Cannot GET /api/transactions","statusCode":404},"status":404},"level":"error","message":"Unhandled exception","status":404,"timestamp":"2026-03-31T20:06:23.600Z"}
{"exception":{"message":"Cannot GET /api/analytics","name":"NotFoundException","options":{},"response":{"error":"Not Found","message":"Cannot GET /api/analytics","statusCode":404},"status":404},"level":"error","message":"Unhandled exception","status":404,"timestamp":"2026-03-31T20:06:23.604Z"}
{"exception":{"message":"Admin email already exists","name":"BadRequestException","options":{},"response":{"error":"Bad Request","message":"Admin email already exists","statusCode":400},"status":400},"level":"error","message":"Unhandled exception","status":400,"timestamp":"2026-03-31T21:22:22.311Z"}
{"exception":{},"level":"error","message":"Unhandled exception","status":500,"timestamp":"2026-03-31T21:48:15.945Z"}
{"exception":{},"level":"error","message":"Unhandled exception","status":500,"timestamp":"2026-03-31T21:48:25.473Z"}
{"exception":{},"level":"error","message":"Unhandled exception","status":500,"timestamp":"2026-03-31T21:48:35.562Z"}
{"exception":{},"level":"error","message":"Unhandled exception","status":500,"timestamp":"2026-03-31T22:01:37.513Z"}
{"exception":{},"level":"error","message":"Unhandled exception","status":500,"timestamp":"2026-03-31T22:01:37.531Z"}
{"exception":{},"level":"error","message":"Unhandled exception","status":500,"timestamp":"2026-03-31T22:01:46.995Z"}
{"exception":{},"level":"error","message":"Unhandled exception","status":500,"timestamp":"2026-03-31T22:01:47.007Z"}
{"exception":{},"level":"error","message":"Unhandled exception","status":500,"timestamp":"2026-03-31T22:02:06.674Z"}
{"exception":{"clientVersion":"5.22.0","name":"PrismaClientValidationError"},"level":"error","message":"Unhandled exception","status":500,"timestamp":"2026-03-31T22:03:15.125Z"}
{"exception":{"clientVersion":"5.22.0","name":"PrismaClientValidationError"},"level":"error","message":"Unhandled exception","status":500,"timestamp":"2026-03-31T22:03:24.992Z"}
{"exception":{},"level":"error","message":"Unhandled exception","status":500,"timestamp":"2026-03-31T22:09:03.727Z"}
{"exception":{},"level":"error","message":"Unhandled exception","status":500,"timestamp":"2026-03-31T22:09:03.734Z"}
{"exception":{},"level":"error","message":"Unhandled exception","status":500,"timestamp":"2026-03-31T22:09:33.472Z"}
{"exception":{},"level":"error","message":"Unhandled exception","status":500,"timestamp":"2026-03-31T22:09:47.472Z"}
{"exception":{},"level":"error","message":"Unhandled exception","status":500,"timestamp":"2026-03-31T22:09:47.476Z"}
{"exception":{"message":"Cannot POST /webhook","name":"NotFoundException","options":{},"response":{"error":"Not Found","message":"Cannot POST /webhook","statusCode":404},"status":404},"level":"error","message":"Unhandled exception","status":404,"timestamp":"2026-03-31T22:29:26.765Z"}
{"exception":{"message":"Cannot POST /webhook","name":"NotFoundException","options":{},"response":{"error":"Not Found","message":"Cannot POST /webhook","statusCode":404},"status":404},"level":"error","message":"Unhandled exception","status":404,"timestamp":"2026-03-31T22:34:27.782Z"}
{"exception":{"message":"Cannot POST /webhook","name":"NotFoundException","options":{},"response":{"error":"Not Found","message":"Cannot POST /webhook","statusCode":404},"status":404},"level":"error","message":"Unhandled exception","status":404,"timestamp":"2026-03-31T22:34:28.761Z"}
{"exception":{"message":"Cannot POST /webhook","name":"NotFoundException","options":{},"response":{"error":"Not Found","message":"Cannot POST /webhook","statusCode":404},"status":404},"level":"error","message":"Unhandled exception","status":404,"timestamp":"2026-03-31T22:34:30.296Z"}
{"exception":{"message":"Cannot POST /webhook","name":"NotFoundException","options":{},"response":{"error":"Not Found","message":"Cannot POST /webhook","statusCode":404},"status":404},"level":"error","message":"Unhandled exception","status":404,"timestamp":"2026-03-31T22:34:40.230Z"}
{"exception":{"message":"Cannot POST /webhook","name":"NotFoundException","options":{},"response":{"error":"Not Found","message":"Cannot POST /webhook","statusCode":404},"status":404},"level":"error","message":"Unhandled exception","status":404,"timestamp":"2026-03-31T22:38:17.929Z"}
{"exception":{"message":"Cannot POST /webhook","name":"NotFoundException","options":{},"response":{"error":"Not Found","message":"Cannot POST /webhook","statusCode":404},"status":404},"level":"error","message":"Unhandled exception","status":404,"timestamp":"2026-03-31T22:46:49.921Z"}
{"exception":{"message":"Cannot POST /webhook","name":"NotFoundException","options":{},"response":{"error":"Not Found","message":"Cannot POST /webhook","statusCode":404},"status":404},"level":"error","message":"Unhandled exception","status":404,"timestamp":"2026-03-31T22:46:50.636Z"}
{"exception":{"message":"Cannot POST /webhook","name":"NotFoundException","options":{},"response":{"error":"Not Found","message":"Cannot POST /webhook","statusCode":404},"status":404},"level":"error","message":"Unhandled exception","status":404,"timestamp":"2026-03-31T22:46:52.275Z"}
{"exception":{"message":"Cannot POST /webhook","name":"NotFoundException","options":{},"response":{"error":"Not Found","message":"Cannot POST /webhook","statusCode":404},"status":404},"level":"error","message":"Unhandled exception","status":404,"timestamp":"2026-03-31T22:46:56.742Z"}
{"exception":{"message":"Cannot POST /webhook","name":"NotFoundException","options":{},"response":{"error":"Not Found","message":"Cannot POST /webhook","statusCode":404},"status":404},"level":"error","message":"Unhandled exception","status":404,"timestamp":"2026-03-31T22:49:52.904Z"}
{"exception":{"message":"Bad Request Exception","name":"BadRequestException","options":{},"response":{"error":"Bad Request","message":["notificationMedium must be one of the following values: NONE, SMS, WHATSAPP"],"statusCode":400},"status":400},"level":"error","message":"Unhandled exception","status":400,"timestamp":"2026-03-31T22:57:32.190Z"}
{"exception":{"message":"Bad Request Exception","name":"BadRequestException","options":{},"response":{"error":"Bad Request","message":["notificationMedium must be one of the following values: NONE, SMS, WHATSAPP"],"statusCode":400},"status":400},"level":"error","message":"Unhandled exception","status":400,"timestamp":"2026-03-31T22:57:42.881Z"}
{"exception":{"message":"Bad Request Exception","name":"BadRequestException","options":{},"response":{"error":"Bad Request","message":["notificationMedium must be one of the following values: NONE, SMS, WHATSAPP"],"statusCode":400},"status":400},"level":"error","message":"Unhandled exception","status":400,"timestamp":"2026-03-31T22:57:53.707Z"}
{"exception":{"message":"Cannot POST /webhook","name":"NotFoundException","options":{},"response":{"error":"Not Found","message":"Cannot POST /webhook","statusCode":404},"status":404},"level":"error","message":"Unhandled exception","status":404,"timestamp":"2026-03-31T23:03:04.394Z"}
{"exception":{"message":"Cannot POST /webhook","name":"NotFoundException","options":{},"response":{"error":"Not Found","message":"Cannot POST /webhook","statusCode":404},"status":404},"level":"error","message":"Unhandled exception","status":404,"timestamp":"2026-03-31T23:03:05.082Z"}
{"exception":{"message":"Cannot POST /webhook","name":"NotFoundException","options":{},"response":{"error":"Not Found","message":"Cannot POST /webhook","statusCode":404},"status":404},"level":"error","message":"Unhandled exception","status":404,"timestamp":"2026-03-31T23:03:06.110Z"}
{"exception":{"message":"Cannot POST /webhook","name":"NotFoundException","options":{},"response":{"error":"Not Found","message":"Cannot POST /webhook","statusCode":404},"status":404},"level":"error","message":"Unhandled exception","status":404,"timestamp":"2026-03-31T23:03:13.875Z"}
{"exception":{"message":"Cannot POST /webhook","name":"NotFoundException","options":{},"response":{"error":"Not Found","message":"Cannot POST /webhook","statusCode":404},"status":404},"level":"error","message":"Unhandled exception","status":404,"timestamp":"2026-03-31T23:07:06.538Z"}
{"exception":{"message":"Cannot POST /webhook","name":"NotFoundException","options":{},"response":{"error":"Not Found","message":"Cannot POST /webhook","statusCode":404},"status":404},"level":"error","message":"Unhandled exception","status":404,"timestamp":"2026-03-31T23:07:42.657Z"}
{"exception":{"message":"Cannot POST /webhook","name":"NotFoundException","options":{},"response":{"error":"Not Found","message":"Cannot POST /webhook","statusCode":404},"status":404},"level":"error","message":"Unhandled exception","status":404,"timestamp":"2026-03-31T23:08:54.444Z"}
{"exception":{"message":"Cannot POST /webhook","name":"NotFoundException","options":{},"response":{"error":"Not Found","message":"Cannot POST /webhook","statusCode":404},"status":404},"level":"error","message":"Unhandled exception","status":404,"timestamp":"2026-03-31T23:08:55.182Z"}
{"exception":{"message":"Cannot POST /webhook","name":"NotFoundException","options":{},"response":{"error":"Not Found","message":"Cannot POST /webhook","statusCode":404},"status":404},"level":"error","message":"Unhandled exception","status":404,"timestamp":"2026-03-31T23:08:56.004Z"}
{"exception":{"message":"Cannot POST /webhook","name":"NotFoundException","options":{},"response":{"error":"Not Found","message":"Cannot POST /webhook","statusCode":404},"status":404},"level":"error","message":"Unhandled exception","status":404,"timestamp":"2026-03-31T23:09:17.694Z"}
{"exception":{"message":"Cannot POST /webhook","name":"NotFoundException","options":{},"response":{"error":"Not Found","message":"Cannot POST /webhook","statusCode":404},"status":404},"level":"error","message":"Unhandled exception","status":404,"timestamp":"2026-03-31T23:14:10.126Z"}
{"exception":{"message":"Cannot POST /webhook","name":"NotFoundException","options":{},"response":{"error":"Not Found","message":"Cannot POST /webhook","statusCode":404},"status":404},"level":"error","message":"Unhandled exception","status":404,"timestamp":"2026-03-31T23:19:35.298Z"}
{"exception":{"message":"Cannot POST /webhook","name":"NotFoundException","options":{},"response":{"error":"Not Found","message":"Cannot POST /webhook","statusCode":404},"status":404},"level":"error","message":"Unhandled exception","status":404,"timestamp":"2026-03-31T23:19:36.289Z"}
{"exception":{"message":"Cannot POST /webhook","name":"NotFoundException","options":{},"response":{"error":"Not Found","message":"Cannot POST /webhook","statusCode":404},"status":404},"level":"error","message":"Unhandled exception","status":404,"timestamp":"2026-03-31T23:19:38.781Z"}
{"exception":{"message":"Cannot POST /webhook","name":"NotFoundException","options":{},"response":{"error":"Not Found","message":"Cannot POST /webhook","statusCode":404},"status":404},"level":"error","message":"Unhandled exception","status":404,"timestamp":"2026-03-31T23:19:47.010Z"}
{"exception":{"message":"Cannot POST /webhook","name":"NotFoundException","options":{},"response":{"error":"Not Found","message":"Cannot POST /webhook","statusCode":404},"status":404},"level":"error","message":"Unhandled exception","status":404,"timestamp":"2026-03-31T23:22:14.947Z"}
{"exception":{"message":"Cannot POST /webhook","name":"NotFoundException","options":{},"response":{"error":"Not Found","message":"Cannot POST /webhook","statusCode":404},"status":404},"level":"error","message":"Unhandled exception","status":404,"timestamp":"2026-03-31T23:29:13.352Z"}
{"exception":{"message":"Cannot POST /webhook","name":"NotFoundException","options":{},"response":{"error":"Not Found","message":"Cannot POST /webhook","statusCode":404},"status":404},"level":"error","message":"Unhandled exception","status":404,"timestamp":"2026-03-31T23:58:29.718Z"}
{"exception":{"message":"Cannot POST /webhook","name":"NotFoundException","options":{},"response":{"error":"Not Found","message":"Cannot POST /webhook","statusCode":404},"status":404},"level":"error","message":"Unhandled exception","status":404,"timestamp":"2026-04-01T00:21:33.530Z"}
{"exception":{"message":"Bad Request Exception","name":"BadRequestException","options":{},"response":{"error":"Bad Request","message":["page must not be less than 1"],"statusCode":400},"status":400},"level":"error","message":"Unhandled exception","status":400,"timestamp":"2026-04-01T00:35:30.990Z"}
{"exception":{"message":"Bad Request Exception","name":"BadRequestException","options":{},"response":{"error":"Bad Request","message":["page must not be less than 1"],"statusCode":400},"status":400},"level":"error","message":"Unhandled exception","status":400,"timestamp":"2026-04-01T00:35:30.999Z"}
{"exception":{"message":"Cannot POST /webhook","name":"NotFoundException","options":{},"response":{"error":"Not Found","message":"Cannot POST /webhook","statusCode":404},"status":404},"level":"error","message":"Unhandled exception","status":404,"timestamp":"2026-04-01T00:39:59.357Z"}
{"exception":{"message":"Cannot POST /webhook","name":"NotFoundException","options":{},"response":{"error":"Not Found","message":"Cannot POST /webhook","statusCode":404},"status":404},"level":"error","message":"Unhandled exception","status":404,"timestamp":"2026-04-01T00:40:00.482Z"}
{"exception":{"message":"Cannot POST /webhook","name":"NotFoundException","options":{},"response":{"error":"Not Found","message":"Cannot POST /webhook","statusCode":404},"status":404},"level":"error","message":"Unhandled exception","status":404,"timestamp":"2026-04-01T00:40:02.792Z"}
{"exception":{"message":"Cannot POST /webhook","name":"NotFoundException","options":{},"response":{"error":"Not Found","message":"Cannot POST /webhook","statusCode":404},"status":404},"level":"error","message":"Unhandled exception","status":404,"timestamp":"2026-04-01T00:40:28.201Z"}
{"exception":{"message":"Cannot POST /webhook","name":"NotFoundException","options":{},"response":{"error":"Not Found","message":"Cannot POST /webhook","statusCode":404},"status":404},"level":"error","message":"Unhandled exception","status":404,"timestamp":"2026-04-01T00:45:15.738Z"}
{"exception":{"message":"Cannot POST /webhook","name":"NotFoundException","options":{},"response":{"error":"Not Found","message":"Cannot POST /webhook","statusCode":404},"status":404},"level":"error","message":"Unhandled exception","status":404,"timestamp":"2026-04-01T00:47:25.169Z"}
{"exception":{"message":"Cannot POST /webhook","name":"NotFoundException","options":{},"response":{"error":"Not Found","message":"Cannot POST /webhook","statusCode":404},"status":404},"level":"error","message":"Unhandled exception","status":404,"timestamp":"2026-04-01T00:47:26.205Z"}
{"exception":{"message":"Cannot POST /webhook","name":"NotFoundException","options":{},"response":{"error":"Not Found","message":"Cannot POST /webhook","statusCode":404},"status":404},"level":"error","message":"Unhandled exception","status":404,"timestamp":"2026-04-01T00:47:28.259Z"}
{"exception":{"message":"Cannot POST /webhook","name":"NotFoundException","options":{},"response":{"error":"Not Found","message":"Cannot POST /webhook","statusCode":404},"status":404},"level":"error","message":"Unhandled exception","status":404,"timestamp":"2026-04-01T00:47:44.317Z"}
{"exception":{"message":"Cannot POST /webhook","name":"NotFoundException","options":{},"response":{"error":"Not Found","message":"Cannot POST /webhook","statusCode":404},"status":404},"level":"error","message":"Unhandled exception","status":404,"timestamp":"2026-04-01T00:50:33.649Z"}
{"exception":{"message":"Cannot POST /webhook","name":"NotFoundException","options":{},"response":{"error":"Not Found","message":"Cannot POST /webhook","statusCode":404},"status":404},"level":"error","message":"Unhandled exception","status":404,"timestamp":"2026-04-01T02:01:57.746Z"}
{"exception":{"clientVersion":"5.22.0","code":"P2021","meta":{"modelName":"User","table":"public.User"},"name":"PrismaClientKnownRequestError"},"level":"error","message":"Unhandled exception","status":500,"timestamp":"2026-04-01T07:38:36.377Z"}
{"exception":{"clientVersion":"5.22.0","code":"P2021","meta":{"modelName":"User","table":"public.User"},"name":"PrismaClientKnownRequestError"},"level":"error","message":"Unhandled exception","status":500,"timestamp":"2026-04-01T07:38:47.269Z"}
{"exception":{"clientVersion":"5.22.0","code":"P2021","meta":{"modelName":"User","table":"public.User"},"name":"PrismaClientKnownRequestError"},"level":"error","message":"Unhandled exception","status":500,"timestamp":"2026-04-01T07:39:05.613Z"}
{"exception":{"clientVersion":"5.22.0","code":"P2021","meta":{"modelName":"User","table":"public.User"},"name":"PrismaClientKnownRequestError"},"level":"error","message":"Unhandled exception","status":500,"timestamp":"2026-04-01T07:39:41.096Z"}
{"exception":{"clientVersion":"5.22.0","code":"P2021","meta":{"modelName":"User","table":"public.User"},"name":"PrismaClientKnownRequestError"},"level":"error","message":"Unhandled exception","status":500,"timestamp":"2026-04-01T07:42:10.376Z"}
{"exception":{"clientVersion":"5.22.0","code":"P2021","meta":{"modelName":"User","table":"public.User"},"name":"PrismaClientKnownRequestError"},"level":"error","message":"Unhandled exception","status":500,"timestamp":"2026-04-01T07:48:09.655Z"}
{"exception":{"clientVersion":"5.22.0","code":"P2021","meta":{"modelName":"User","table":"public.User"},"name":"PrismaClientKnownRequestError"},"level":"error","message":"Unhandled exception","status":500,"timestamp":"2026-04-01T07:49:08.817Z"}
{"exception":{"clientVersion":"5.22.0","code":"P2021","meta":{"modelName":"User","table":"public.User"},"name":"PrismaClientKnownRequestError"},"level":"error","message":"Unhandled exception","status":500,"timestamp":"2026-04-01T07:49:57.939Z"}
{"exception":{"clientVersion":"5.22.0","code":"P2021","meta":{"modelName":"User","table":"public.User"},"name":"PrismaClientKnownRequestError"},"level":"error","message":"Unhandled exception","status":500,"timestamp":"2026-04-01T07:50:47.298Z"}
{"exception":{"message":"Cannot GET /","name":"NotFoundException","options":{},"response":{"error":"Not Found","message":"Cannot GET /","statusCode":404},"status":404},"level":"error","message":"Unhandled exception","status":404,"timestamp":"2026-04-01T07:50:58.742Z"}
{"exception":{"message":"Cannot GET /favicon.ico","name":"NotFoundException","options":{},"response":{"error":"Not Found","message":"Cannot GET /favicon.ico","statusCode":404},"status":404},"level":"error","message":"Unhandled exception","status":404,"timestamp":"2026-04-01T07:50:58.800Z"}
{"exception":{"message":"Invalid credentials","name":"UnauthorizedException","options":{},"response":{"error":"Unauthorized","message":"Invalid credentials","statusCode":401},"status":401},"level":"error","message":"Unhandled exception","status":401,"timestamp":"2026-04-01T07:53:08.184Z"}
{"exception":{"message":"Email not verified","name":"ForbiddenException","options":{},"response":{"error":"Forbidden","message":"Email not verified","statusCode":403},"status":403},"level":"error","message":"Unhandled exception","status":403,"timestamp":"2026-04-01T07:55:02.042Z"}
{"exception":{"message":"Cannot GET /api/auth/verify-email?code=e0ec2f4f-94be-4294-9dd1-825035b000ba","name":"NotFoundException","options":{},"response":{"error":"Not Found","message":"Cannot GET /api/auth/verify-email?code=e0ec2f4f-94be-4294-9dd1-825035b000ba","statusCode":404},"status":404},"level":"error","message":"Unhandled exception","status":404,"timestamp":"2026-04-01T07:55:49.467Z"}
{"exception":{"message":"Cannot GET /api/auth/verify-email?code=e0ec2f4f-94be-4294-9dd1-825035b000ba","name":"NotFoundException","options":{},"response":{"error":"Not Found","message":"Cannot GET /api/auth/verify-email?code=e0ec2f4f-94be-4294-9dd1-825035b000ba","statusCode":404},"status":404},"level":"error","message":"Unhandled exception","status":404,"timestamp":"2026-04-01T07:55:58.278Z"}
{"exception":{"message":"Cannot GET /verify-email?code=e0ec2f4f-94be-4294-9dd1-825035b000ba","name":"NotFoundException","options":{},"response":{"error":"Not Found","message":"Cannot GET /verify-email?code=e0ec2f4f-94be-4294-9dd1-825035b000ba","statusCode":404},"status":404},"level":"error","message":"Unhandled exception","status":404,"timestamp":"2026-04-01T07:55:59.382Z"}
{"exception":{"message":"Cannot GET /api/auth/verify-email?code=e0ec2f4f-94be-4294-9dd1-825035b000ba","name":"NotFoundException","options":{},"response":{"error":"Not Found","message":"Cannot GET /api/auth/verify-email?code=e0ec2f4f-94be-4294-9dd1-825035b000ba","statusCode":404},"status":404},"level":"error","message":"Unhandled exception","status":404,"timestamp":"2026-04-01T07:56:57.136Z"}
{"exception":{"message":"Unauthorized","name":"UnauthorizedException","options":{},"response":{"message":"Unauthorized","statusCode":401},"status":401},"level":"error","message":"Unhandled exception","status":401,"timestamp":"2026-04-01T07:57:14.366Z"}
{"exception":{"message":"Unauthorized","name":"UnauthorizedException","options":{},"response":{"message":"Unauthorized","statusCode":401},"status":401},"level":"error","message":"Unhandled exception","status":401,"timestamp":"2026-04-01T07:57:14.368Z"}
{"exception":{"message":"Unauthorized","name":"UnauthorizedException","options":{},"response":{"message":"Unauthorized","statusCode":401},"status":401},"level":"error","message":"Unhandled exception","status":401,"timestamp":"2026-04-01T07:57:14.384Z"}
{"exception":{"message":"Unauthorized","name":"UnauthorizedException","options":{},"response":{"message":"Unauthorized","statusCode":401},"status":401},"level":"error","message":"Unhandled exception","status":401,"timestamp":"2026-04-01T07:57:14.389Z"}
{"exception":{"message":"Email not verified","name":"ForbiddenException","options":{},"response":{"error":"Forbidden","message":"Email not verified","statusCode":403},"status":403},"level":"error","message":"Unhandled exception","status":403,"timestamp":"2026-04-01T07:57:20.086Z"}
{"exception":{"message":"Unauthorized","name":"UnauthorizedException","options":{},"response":{"message":"Unauthorized","statusCode":401},"status":401},"level":"error","message":"Unhandled exception","status":401,"timestamp":"2026-04-01T07:57:58.169Z"}
{"exception":{"message":"Cannot GET /auth/verify-email?code=e0ec2f4f-94be-4294-9dd1-825035b000ba","name":"NotFoundException","options":{},"response":{"error":"Not Found","message":"Cannot GET /auth/verify-email?code=e0ec2f4f-94be-4294-9dd1-825035b000ba","statusCode":404},"status":404},"level":"error","message":"Unhandled exception","status":404,"timestamp":"2026-04-01T07:58:19.838Z"}
{"exception":{"message":"Email not verified","name":"ForbiddenException","options":{},"response":{"error":"Forbidden","message":"Email not verified","statusCode":403},"status":403},"level":"error","message":"Unhandled exception","status":403,"timestamp":"2026-04-01T07:58:26.540Z"}
{"exception":{"message":"Cannot GET /api","name":"NotFoundException","options":{},"response":{"error":"Not Found","message":"Cannot GET /api","statusCode":404},"status":404},"level":"error","message":"Unhandled exception","status":404,"timestamp":"2026-04-01T07:58:49.416Z"}
{"exception":{"message":"Cannot GET /api/verify-email?code=e0ec2f4f-94be-4294-9dd1-825035b000ba","name":"NotFoundException","options":{},"response":{"error":"Not Found","message":"Cannot GET /api/verify-email?code=e0ec2f4f-94be-4294-9dd1-825035b000ba","statusCode":404},"status":404},"level":"error","message":"Unhandled exception","status":404,"timestamp":"2026-04-01T07:59:35.300Z"}
{"exception":{"message":"Cannot GET /api/auth/verify-email/e0ec2f4f-94be-4294-9dd1-825035b000ba","name":"NotFoundException","options":{},"response":{"error":"Not Found","message":"Cannot GET /api/auth/verify-email/e0ec2f4f-94be-4294-9dd1-825035b000ba","statusCode":404},"status":404},"level":"error","message":"Unhandled exception","status":404,"timestamp":"2026-04-01T07:59:48.719Z"}
{"exception":{"message":"Cannot GET /verify-email?code=e0ec2f4f-94be-4294-9dd1-825035b000ba","name":"NotFoundException","options":{},"response":{"error":"Not Found","message":"Cannot GET /verify-email?code=e0ec2f4f-94be-4294-9dd1-825035b000ba","statusCode":404},"status":404},"level":"error","message":"Unhandled exception","status":404,"timestamp":"2026-04-01T08:01:23.650Z"}
{"exception":{"message":"Cannot GET /favicon.ico","name":"NotFoundException","options":{},"response":{"error":"Not Found","message":"Cannot GET /favicon.ico","statusCode":404},"status":404},"level":"error","message":"Unhandled exception","status":404,"timestamp":"2026-04-01T08:01:23.695Z"}
{"exception":{"message":"Invalid credentials","name":"UnauthorizedException","options":{},"response":{"error":"Unauthorized","message":"Invalid credentials","statusCode":401},"status":401},"level":"error","message":"Unhandled exception","status":401,"timestamp":"2026-04-01T08:01:53.655Z"}
{"exception":{"message":"Email not verified","name":"ForbiddenException","options":{},"response":{"error":"Forbidden","message":"Email not verified","statusCode":403},"status":403},"level":"error","message":"Unhandled exception","status":403,"timestamp":"2026-04-01T08:04:33.708Z"}
{"exception":{"code":"EAUTH","command":"AUTH PLAIN","response":"535 5.7.8 Error: authentication failed: ","responseCode":535},"level":"error","message":"Unhandled exception","status":500,"timestamp":"2026-04-01T08:57:18.583Z"}
{"exception":{"message":"Admin email already exists","name":"BadRequestException","options":{},"response":{"error":"Bad Request","message":"Admin email already exists","statusCode":400},"status":400},"level":"error","message":"Unhandled exception","status":400,"timestamp":"2026-04-01T08:57:38.943Z"}
{"exception":{"code":"EAUTH","command":"AUTH PLAIN","response":"535 5.7.8 Error: authentication failed: ","responseCode":535},"level":"error","message":"Unhandled exception","status":500,"timestamp":"2026-04-01T08:58:44.185Z"}
{"exception":{"code":"EAUTH","command":"AUTH PLAIN","response":"535 5.7.8 Error: authentication failed: ","responseCode":535},"level":"error","message":"Unhandled exception","status":500,"timestamp":"2026-04-01T09:01:39.197Z"}
{"exception":{"code":"EAUTH","command":"AUTH PLAIN","response":"535 5.7.8 Error: authentication failed: ","responseCode":535},"level":"error","message":"Unhandled exception","status":500,"timestamp":"2026-04-01T09:02:38.477Z"}
{"exception":{"message":"Admin email already exists","name":"BadRequestException","options":{},"response":{"error":"Bad Request","message":"Admin email already exists","statusCode":400},"status":400},"level":"error","message":"Unhandled exception","status":400,"timestamp":"2026-04-01T09:04:01.319Z"}
{"level":"error","message":"Failed to send WhatsApp Template to 233598402862: (#132001) Template name does not exist in the translation","timestamp":"2026-04-01T17:20:22.755Z"}
{"level":"error","message":"Failed to send WhatsApp Grouped Template to 0245655799: Error validating access token: Session has expired on Wednesday, 01-Apr-26 12:00:00 PDT. The current time is Wednesday, 01-Apr-26 13:00:00 PDT.","timestamp":"2026-04-01T20:00:00.955Z"}
{"level":"error","message":"Failed to send WhatsApp Grouped Template to 0245655799: Error validating access token: Session has expired on Wednesday, 01-Apr-26 12:00:00 PDT. The current time is Thursday, 02-Apr-26 01:00:00 PDT.","timestamp":"2026-04-02T08:00:00.872Z"}
{"exception":{"message":"Forbidden resource","name":"ForbiddenException","options":{},"response":{"error":"Forbidden","message":"Forbidden resource","statusCode":403},"status":403},"level":"error","message":"Unhandled exception","status":403,"timestamp":"2026-04-02T11:51:28.450Z"}
{"exception":{"message":"Forbidden resource","name":"ForbiddenException","options":{},"response":{"error":"Forbidden","message":"Forbidden resource","statusCode":403},"status":403},"level":"error","message":"Unhandled exception","status":403,"timestamp":"2026-04-02T11:51:28.484Z"}
{"exception":{"message":"Forbidden resource","name":"ForbiddenException","options":{},"response":{"error":"Forbidden","message":"Forbidden resource","statusCode":403},"status":403},"level":"error","message":"Unhandled exception","status":403,"timestamp":"2026-04-02T11:52:04.626Z"}
{"exception":{"message":"Forbidden resource","name":"ForbiddenException","options":{},"response":{"error":"Forbidden","message":"Forbidden resource","statusCode":403},"status":403},"level":"error","message":"Unhandled exception","status":403,"timestamp":"2026-04-02T11:52:04.637Z"}
{"exception":{"message":"Forbidden resource","name":"ForbiddenException","options":{},"response":{"error":"Forbidden","message":"Forbidden resource","statusCode":403},"status":403},"level":"error","message":"Unhandled exception","status":403,"timestamp":"2026-04-02T11:52:19.505Z"}
{"exception":{"message":"Forbidden resource","name":"ForbiddenException","options":{},"response":{"error":"Forbidden","message":"Forbidden resource","statusCode":403},"status":403},"level":"error","message":"Unhandled exception","status":403,"timestamp":"2026-04-02T11:52:19.506Z"}
{"exception":{"message":"Email not verified","name":"ForbiddenException","options":{},"response":{"error":"Forbidden","message":"Email not verified","statusCode":403},"status":403},"level":"error","message":"Unhandled exception","status":403,"timestamp":"2026-04-02T12:58:36.235Z"}
{"exception":{"message":"Invalid credentials","name":"UnauthorizedException","options":{},"response":{"error":"Unauthorized","message":"Invalid credentials","statusCode":401},"status":401},"level":"error","message":"Unhandled exception","status":401,"timestamp":"2026-04-02T12:59:09.666Z"}
{"exception":{"message":"Invalid credentials","name":"UnauthorizedException","options":{},"response":{"error":"Unauthorized","message":"Invalid credentials","statusCode":401},"status":401},"level":"error","message":"Unhandled exception","status":401,"timestamp":"2026-04-02T12:59:29.862Z"}
{"exception":{"message":"Email not verified","name":"ForbiddenException","options":{},"response":{"error":"Forbidden","message":"Email not verified","statusCode":403},"status":403},"level":"error","message":"Unhandled exception","status":403,"timestamp":"2026-04-02T12:59:50.392Z"}
{"exception":{"message":"Invalid credentials","name":"UnauthorizedException","options":{},"response":{"error":"Unauthorized","message":"Invalid credentials","statusCode":401},"status":401},"level":"error","message":"Unhandled exception","status":401,"timestamp":"2026-04-02T13:00:46.944Z"}
{"exception":{"message":"Cannot GET /health","name":"NotFoundException","options":{},"response":{"error":"Not Found","message":"Cannot GET /health","statusCode":404},"status":404},"level":"error","message":"Unhandled exception","status":404,"timestamp":"2026-04-02T20:44:41.985Z"}
{"exception":{"message":"Cannot GET /favicon.ico","name":"NotFoundException","options":{},"response":{"error":"Not Found","message":"Cannot GET /favicon.ico","statusCode":404},"status":404},"level":"error","message":"Unhandled exception","status":404,"timestamp":"2026-04-02T20:44:42.041Z"}
{"exception":{"message":"Cannot GET /favicon.ico","name":"NotFoundException","options":{},"response":{"error":"Not Found","message":"Cannot GET /favicon.ico","statusCode":404},"status":404},"level":"error","message":"Unhandled exception","status":404,"timestamp":"2026-04-02T20:45:20.491Z"}
{"exception":{"message":"Cannot GET /","name":"NotFoundException","options":{},"response":{"error":"Not Found","message":"Cannot GET /","statusCode":404},"status":404},"level":"error","message":"Unhandled exception","status":404,"timestamp":"2026-04-02T21:28:05.230Z"}
{"exception":{"message":"Cannot GET /favicon.ico","name":"NotFoundException","options":{},"response":{"error":"Not Found","message":"Cannot GET /favicon.ico","statusCode":404},"status":404},"level":"error","message":"Unhandled exception","status":404,"timestamp":"2026-04-02T21:28:05.345Z"}
{"exception":{"message":"Cannot GET /login","name":"NotFoundException","options":{},"response":{"error":"Not Found","message":"Cannot GET /login","statusCode":404},"status":404},"level":"error","message":"Unhandled exception","status":404,"timestamp":"2026-04-02T21:29:38.413Z"}
{"exception":{"message":"Cannot GET /api/login","name":"NotFoundException","options":{},"response":{"error":"Not Found","message":"Cannot GET /api/login","statusCode":404},"status":404},"level":"error","message":"Unhandled exception","status":404,"timestamp":"2026-04-02T21:30:01.071Z"}
{"exception":{"message":"Unauthorized","name":"UnauthorizedException","options":{},"response":{"message":"Unauthorized","statusCode":401},"status":401},"level":"error","message":"Unhandled exception","status":401,"timestamp":"2026-04-02T22:18:55.888Z"}
{"exception":{"message":"Unauthorized","name":"UnauthorizedException","options":{},"response":{"message":"Unauthorized","statusCode":401},"status":401},"level":"error","message":"Unhandled exception","status":401,"timestamp":"2026-04-02T22:19:09.380Z"}
{"exception":{"message":"Cannot GET /api/patients/dabb2607-ac96-46b5-8e81-acddddaac06c","name":"NotFoundException","options":{},"response":{"error":"Not Found","message":"Cannot GET /api/patients/dabb2607-ac96-46b5-8e81-acddddaac06c","statusCode":404},"status":404},"level":"error","message":"Unhandled exception","status":404,"timestamp":"2026-04-02T22:19:16.652Z"}
{"exception":{"message":"Unauthorized","name":"UnauthorizedException","options":{},"response":{"message":"Unauthorized","statusCode":401},"status":401},"level":"error","message":"Unhandled exception","status":401,"timestamp":"2026-04-02T22:19:25.209Z"}
{"level":"error","message":"Failed to send Grouped SMS to 0245655799: Request failed with status code 400","timestamp":"2026-04-02T22:20:43.962Z"}
{"exception":{"message":"Admin email already exists","name":"BadRequestException","options":{},"response":{"error":"Bad Request","message":"Admin email already exists","statusCode":400},"status":400},"level":"error","message":"Unhandled exception","status":400,"timestamp":"2026-04-02T22:30:47.833Z"}
{"exception":{"message":"Admin email already exists","name":"BadRequestException","options":{},"response":{"error":"Bad Request","message":"Admin email already exists","statusCode":400},"status":400},"level":"error","message":"Unhandled exception","status":400,"timestamp":"2026-04-02T22:31:20.896Z"}
{"exception":{"message":"Verification token already used","name":"BadRequestException","options":{},"response":{"error":"Bad Request","message":"Verification token already used","statusCode":400},"status":400},"level":"error","message":"Unhandled exception","status":400,"timestamp":"2026-04-02T22:34:09.167Z"}
{"exception":{"message":"Unauthorized","name":"UnauthorizedException","options":{},"response":{"message":"Unauthorized","statusCode":401},"status":401},"level":"error","message":"Unhandled exception","status":401,"timestamp":"2026-04-03T06:35:21.340Z"}
{"exception":{"message":"Unauthorized","name":"UnauthorizedException","options":{},"response":{"message":"Unauthorized","statusCode":401},"status":401},"level":"error","message":"Unhandled exception","status":401,"timestamp":"2026-04-03T06:35:21.353Z"}
{"exception":{"message":"Invalid credentials","name":"UnauthorizedException","options":{},"response":{"error":"Unauthorized","message":"Invalid credentials","statusCode":401},"status":401},"level":"error","message":"Unhandled exception","status":401,"timestamp":"2026-04-03T06:35:26.813Z"}
{"exception":{"message":"Invalid credentials","name":"UnauthorizedException","options":{},"response":{"error":"Unauthorized","message":"Invalid credentials","statusCode":401},"status":401},"level":"error","message":"Unhandled exception","status":401,"timestamp":"2026-04-03T06:35:35.074Z"}
{"exception":{"message":"Invalid credentials","name":"UnauthorizedException","options":{},"response":{"error":"Unauthorized","message":"Invalid credentials","statusCode":401},"status":401},"level":"error","message":"Unhandled exception","status":401,"timestamp":"2026-04-03T06:35:43.612Z"}
{"level":"error","message":"Failed to send Grouped SMS to 0245655799: Request failed with status code 405","timestamp":"2026-04-03T07:38:57.098Z"}
{"level":"error","message":"Failed to check SMS status for fcfeabbd-c851-41b1-ac81-bf3a3305f2a5: Request failed with status code 404","timestamp":"2026-04-03T08:05:01.281Z"}
{"level":"error","message":"Failed to check SMS status for fcfeabbd-c851-41b1-ac81-bf3a3305f2a5: Request failed with status code 404","timestamp":"2026-04-03T08:10:01.296Z"}
{"level":"error","message":"Failed to check SMS status for fcfeabbd-c851-41b1-ac81-bf3a3305f2a5: getaddrinfo ENOTFOUND sms.arkasel.com","timestamp":"2026-04-03T08:15:00.323Z"}
{"level":"error","message":"Failed to check SMS status for fcfeabbd-c851-41b1-ac81-bf3a3305f2a5: getaddrinfo ENOTFOUND sms.arkasel.com","timestamp":"2026-04-03T08:20:00.154Z"}
